[21:32:13] Fase OK: lock_acquire
[21:32:13] Avvio fase: git_add_commit_push_once
[21:32:14] Fase KO: git_add_commit_push_once -> Nessun bundle pending da pubblicare
[21:32:14] Avvio fase: lock_release
[21:32:14] Fase OK: lock_release
[21:32:14] Nessun bundle pending da pubblicare
[21:32:14] Run avviato: mode=single, action=git_add_commit_push_once
[21:32:14] Avvio fase: lock_acquire
[21:32:14] Fase OK: lock_acquire
[21:32:14] Avvio fase: git_add_commit_push_once
[21:32:14] Fase KO: git_add_commit_push_once -> Nessun bundle pending da pubblicare
[21:32:14] Avvio fase: lock_release
[21:32:14] Fase OK: lock_release
[21:32:14] Nessun bundle pending da pubblicare
[21:32:14] Avvio fase: lock_acquire
[21:32:14] Run avviato: mode=single, action=git_add_commit_push_once
[21:32:14] Fase OK: lock_acquire
[21:32:14] Avvio fase: git_add_commit_push_once
[21:32:14] Fase KO: git_add_commit_push_once -> Nessun bundle pending da pubblicare
[21:32:14] Avvio fase: lock_release
[21:32:14] Fase OK: lock_release
[21:32:14] Nessun bundle pending da pubblicare
[21:32:13] Run avviato: mode=single, action=git_add_commit_push_once
