[21:53:10] Fase OK: lock_acquire
[21:53:10] Avvio fase: git_add_commit_push_once
[21:53:10] Fase KO: git_add_commit_push_once -> Nessun bundle pending da pubblicare
[21:53:10] Avvio fase: lock_release
[21:53:10] Fase OK: lock_release
[21:53:10] Nessun bundle pending da pubblicare
[21:53:18] Avvio fase: lock_acquire
[21:53:18] Fase OK: lock_acquire
[21:53:19] Avvio fase: git_add_commit_push_once
[21:53:19] Fase KO: git_add_commit_push_once -> Nessun bundle pending da pubblicare
[21:53:19] Avvio fase: lock_release
[21:53:19] Fase OK: lock_release
[21:53:19] Nessun bundle pending da pubblicare
[21:53:27] Run avviato: mode=single, action=git_add_commit_push_once
[21:53:27] Avvio fase: lock_acquire
[21:53:35] Fase OK: lock_acquire
[21:53:39] Avvio fase: git_add_commit_push_once
[21:53:39] Fase KO: git_add_commit_push_once -> Nessun bundle pending da pubblicare
[21:53:39] Avvio fase: lock_release
[21:53:39] Fase OK: lock_release
[21:53:39] Nessun bundle pending da pubblicare
[21:53:18] Run avviato: mode=single, action=git_add_commit_push_once
[21:53:10] Run avviato: mode=single, action=git_add_commit_push_once
[21:56:39] Run avviato: mode=single, action=git_add_commit_push_once
[21:56:39] Avvio fase: lock_acquire
[21:56:56] Fase OK: lock_acquire
[21:57:17] Avvio fase: git_add_commit_push_once
[21:57:34] Fase KO: git_add_commit_push_once -> Nessun bundle pending da pubblicare
[21:57:43] Avvio fase: lock_release
[21:57:47] Fase OK: lock_release
[21:57:47] Nessun bundle pending da pubblicare
