[21:41:23] Fase OK: write_site_data_stage
[21:41:25] AI nulla osta OK su build_soda_registry_stage
[21:41:25] Avvio fase: build_soda_registry_stage
[21:41:25] Fase OK: build_soda_registry_stage
[21:41:25] AI nulla osta OK su apply_stage_to_repo
[21:41:25] Avvio fase: apply_stage_to_repo
[21:41:26] Working tree non pulita tollerata in recovery pending (20260616_213115)
 M data/jackpot.json
 M data/next-draw.json
 M pages/algoritmi/algs/astra-moon/out/charts-data.json
 M pages/algoritmi/algs/classic-analisi-anomalie-pattern/out/charts-data.json
 M pages/algoritmi/algs/classic-co-occorrenze/out/charts-data.json
 M pages/algoritmi/algs/classic-coppie-terni-consecutivi/out/charts-data.json
 M pages/algoritmi/algs/classic-coppie-terzine-frequenti/out/charts-data.json
 M pages/algoritmi/algs/classic-distribuzioni-modelli-raggruppamento/out/charts-data.json
 M pages/algoritmi/algs/classic-frequency/out/charts-data.json
 M pages/algoritmi/algs/classic-ritardi-combinazioni/out/charts-data.json
 M pages/algoritmi/algs/classic-ritardi/out/charts-data.json
 M pages/algoritmi/algs/classic-statistiche-combinate-finestre-mobili/out/charts-data.json
 M pages/algoritmi/algs/classic-tavole-probabilita-teorica-test-uniformita/out/charts-data.json
 M pages/algoritmi/algs/genetic/out/charts-data.json
 M pages/algoritmi/algs/hispa/out/charts-data.json
 M pages/algoritmi/algs/paradox-logiche-decisionali-metriche/out/charts-data.json
 M pages/algoritmi/algs/super6NN/out/charts-data.json
 M pages/algoritmi/algs/xeno-qdna-alpha/out/charts-data.json
[21:41:26] Fase KO: apply_stage_to_repo -> Bundle pending non disponibile
[21:41:46] Email cumulativa non inviata su stop anticipato (apply_stage_to_repo): Invio email fallito: Connection unexpectedly closed: timed out
[21:41:46] Bundle pending non disponibile
