[00:46:29] Fase OK: lock_acquire
[00:46:45] AI nulla osta OK su check_sources_quorum
[00:47:01] Avvio fase: check_sources_quorum
[00:47:18] Fase OK: check_sources_quorum
[00:47:36] AI nulla osta OK su update_local_draws_stage
[00:47:51] Avvio fase: update_local_draws_stage
[00:48:07] Fase OK: update_local_draws_stage
[00:48:24] AI nulla osta OK su verify_draws_stage
[00:48:38] Avvio fase: verify_draws_stage
[00:48:53] Fase OK: verify_draws_stage
[00:49:09] AI nulla osta OK su apply_draws_local_atomic
[00:49:24] Avvio fase: apply_draws_local_atomic
[00:49:51] Fase OK: apply_draws_local_atomic
[00:50:08] AI nulla osta OK su train_incremental_stage_all_active
[00:50:26] Avvio fase: train_incremental_stage_all_active
[00:50:54] TRAIN start: target_seq=4179 | algoritmi_attivi=15
[00:51:20] TRAIN progress: 0/15 (0%) -> avvio arc90-logico-algoritmica
[00:51:46] TRAIN progress: 1/15 (6%) -> arc90-logico-algoritmica gia allineato
[00:52:00] TRAIN progress: 1/15 (6%) -> avvio classic-analisi-anomalie-pattern
[00:52:15] TRAIN progress: 2/15 (13%) -> classic-analisi-anomalie-pattern gia allineato
[00:52:29] TRAIN progress: 2/15 (13%) -> avvio classic-co-occorrenze
[00:52:44] TRAIN progress: 3/15 (20%) -> classic-co-occorrenze gia allineato
[00:52:58] TRAIN progress: 3/15 (20%) -> avvio classic-coppie-terni-consecutivi
[00:53:12] TRAIN progress: 4/15 (26%) -> classic-coppie-terni-consecutivi gia allineato
[00:53:28] TRAIN progress: 4/15 (26%) -> avvio classic-coppie-terzine-frequenti
[00:53:41] TRAIN progress: 5/15 (33%) -> classic-coppie-terzine-frequenti gia allineato
[00:53:57] TRAIN progress: 5/15 (33%) -> avvio classic-distribuzioni-modelli-raggruppamento
[00:54:11] TRAIN progress: 6/15 (40%) -> classic-distribuzioni-modelli-raggruppamento gia allineato
[00:54:26] TRAIN progress: 6/15 (40%) -> avvio classic-frequency
[00:54:40] TRAIN progress: 7/15 (46%) -> classic-frequency gia allineato
[00:54:54] TRAIN progress: 7/15 (46%) -> avvio classic-ritardi
[00:55:08] TRAIN progress: 8/15 (53%) -> classic-ritardi gia allineato
[00:55:23] TRAIN progress: 8/15 (53%) -> avvio classic-ritardi-combinazioni
