[21:49:33] Fase OK: lock_acquire
[21:49:35] AI nulla osta OK su check_sources_quorum_phase1
[21:49:35] Avvio fase: check_sources_quorum_phase1
[21:51:13] Fase KO: check_sources_quorum_phase1 -> Fallito (runtime: py -3)
CHECK ONLINE CONCORSI (solo verifica, nessun salvataggio)
Locale corrente: seq=4214 data=16/06/2026



ERRORI FONTI:
- [parse_official_archivio] errore: The read operation timed out
- [parse_superenalotto_com] errore: <urlopen error [WinError 10054] Connessione in corso interrotta forzatamente dall'host remoto>
Nessuna fonte online verificabile
[21:51:53] Email cumulativa non inviata su stop anticipato (check_sources_quorum_phase1): Invio email fallito: [WinError 10054] Connessione in corso interrotta forzatamente dall'host remoto
[21:51:53] AI nulla osta OK su lock_release
[21:51:53] Avvio fase: lock_release
[21:51:53] Fase OK: lock_release
[21:51:53] Fallito (runtime: py -3)
CHECK ONLINE CONCORSI (solo verifica, nessun salvataggio)
Locale corrente: seq=4214 data=16/06/2026



ERRORI FONTI:
- [parse_official_archivio] errore: The read operation timed out
- [parse_superenalotto_com] errore: <urlopen error [WinError 10054] Connessione in corso interrotta forzatamente dall'host remoto>
Nessuna fonte online verificabile
