[20:46:46] Fase OK: lock_acquire
[20:46:46] Avvio fase: check_sources_quorum
[20:46:47] Fase KO: check_sources_quorum -> Quorum insufficiente (1)
[20:46:47] SERVER ciclo #21: quorum degraded (Quorum insufficiente (1))
[20:46:47] Avvio fase: update_local_draws_stage
[20:46:48] Fase OK: update_local_draws_stage
[20:46:48] SERVER: nuovo draws rilevato, avvio pipeline completa post-update
[20:46:48] Avvio fase: verify_draws_stage
[20:46:48] Fase OK: verify_draws_stage
[20:46:48] Avvio fase: apply_draws_local_atomic
[20:46:48] Fase OK: apply_draws_local_atomic
[20:46:48] Avvio fase: train_incremental_stage_all_active
[20:51:40] Fase OK: train_incremental_stage_all_active
[20:51:40] Avvio fase: verify_train_outputs_stage
[20:51:40] Fase OK: verify_train_outputs_stage
[20:51:40] Avvio fase: update_card_hits_stage
[20:51:40] Fase OK: update_card_hits_stage
[20:51:40] Avvio fase: verify_card_hits_stage
[20:51:40] Fase OK: verify_card_hits_stage
[20:51:40] Avvio fase: build_manifest_stage
[20:51:40] Fase OK: build_manifest_stage
[20:51:40] Avvio fase: verify_bundle_stage
[20:51:40] Fase OK: verify_bundle_stage
[20:51:40] Avvio fase: apply_stage_to_repo
[20:51:40] Fase KO: apply_stage_to_repo -> Working tree non pulita (gate strict)
?? .staging/
?? .state/
[20:51:40] SERVER ciclo #21: stop su apply_stage_to_repo (Working tree non pulita (gate strict)
?? .staging/
?? .state/)
[20:51:40] Avvio fase: lock_release
[20:51:40] Fase OK: lock_release
[20:51:40] SERVER ciclo #21: degraded
[20:51:40] SERVER: prossimo ciclo tra 2m 00s alle 20:53:40
[20:53:40] SERVER ciclo #22: avvio
[20:53:40] Avvio fase: git_add_commit_push_once
