[22:19:37] Fase OK: lock_acquire
[22:19:41] AI nulla osta OK su check_sources_quorum_phase1
[22:19:41] Avvio fase: check_sources_quorum_phase1
[22:19:36] Run avviato: mode=single, action=run_all
[22:19:48] Fase OK: check_sources_quorum_phase1
[22:22:09] AI nulla osta OK su update_local_draws_stage
[22:23:42] Avvio fase: update_local_draws_stage
[22:24:21] Fase OK: update_local_draws_stage
[22:25:08] AI nulla osta OK su verify_draws_stage
[22:25:49] Avvio fase: verify_draws_stage
[22:26:30] Fase OK: verify_draws_stage
[22:26:43] AI nulla osta OK su apply_draws_local_atomic
[22:26:59] Avvio fase: apply_draws_local_atomic
[22:27:17] Fase OK: apply_draws_local_atomic
[22:27:48] AI nulla osta OK su train_incremental_stage_all_active
[22:28:13] Avvio fase: train_incremental_stage_all_active
[22:28:37] TRAIN start: target_seq=4197 | algoritmi_attivi=15
[22:28:52] TRAIN progress: 0/15 (0%) -> avvio astra-moon
[22:29:10] TRAIN progress: 1/15 (6%) -> astra-moon gia allineato
[22:29:24] TRAIN progress: 1/15 (6%) -> avvio classic-analisi-anomalie-pattern
[22:29:41] TRAIN progress: 2/15 (13%) -> classic-analisi-anomalie-pattern gia allineato
[22:29:54] TRAIN progress: 2/15 (13%) -> avvio classic-co-occorrenze
[22:30:09] TRAIN progress: 3/15 (20%) -> classic-co-occorrenze gia allineato
[22:30:26] TRAIN progress: 3/15 (20%) -> avvio classic-coppie-terni-consecutivi
[22:31:00] TRAIN progress: 4/15 (26%) -> classic-coppie-terni-consecutivi gia allineato
[22:31:46] TRAIN progress: 4/15 (26%) -> avvio classic-coppie-terzine-frequenti
[22:32:08] TRAIN progress: 5/15 (33%) -> classic-coppie-terzine-frequenti gia allineato
[22:32:40] TRAIN progress: 5/15 (33%) -> avvio classic-distribuzioni-modelli-raggruppamento
[22:32:55] TRAIN progress: 6/15 (40%) -> classic-distribuzioni-modelli-raggruppamento gia allineato
[22:33:12] TRAIN progress: 6/15 (40%) -> avvio classic-frequency
[22:33:32] TRAIN progress: 7/15 (46%) -> classic-frequency gia allineato
[22:33:58] TRAIN progress: 7/15 (46%) -> avvio classic-ritardi
[22:34:20] TRAIN progress: 8/15 (53%) -> classic-ritardi gia allineato
[22:34:48] TRAIN progress: 8/15 (53%) -> avvio classic-ritardi-combinazioni
[22:35:03] TRAIN progress: 9/15 (60%) -> classic-ritardi-combinazioni gia allineato
[22:35:21] TRAIN progress: 9/15 (60%) -> avvio classic-statistiche-combinate-finestre-mobili
[22:35:53] TRAIN progress: 10/15 (66%) -> classic-statistiche-combinate-finestre-mobili gia allineato
[22:36:08] TRAIN progress: 10/15 (66%) -> avvio classic-tavole-probabilita-teorica-test-uniformita
